<?xml version="1.0" encoding="UTF-8"?>
<testsuites name="testsuit1" time="1.934" tests="2" failures="0" errors="0">
   <testsuite name="testsuit1" tests="2" failures="0" errors="0" time="1.934" skipped="0" timestamp="2023-01-27 11:52:09" hostname="DELL - DESKTOP-L51QJLB" id="Test Suites/testsuit1">
      <properties>
         <property name="deviceName" value=""/>
         <property name="devicePlatform" value=""/>
         <property name="logFolder" value="D:\\testops\\gitkatalon\\Reports\\20230127_115153\\testsuit1\\20230127_115155"/>
         <property name="logFiles" value="D:\\testops\\gitkatalon\\Reports\\20230127_115153\\testsuit1\\20230127_115155\\execution0.log"/>
         <property name="attachments" value=""/>
         <property name="hostName" value="DELL - DESKTOP-L51QJLB"/>
         <property name="hostAddress" value="192.168.29.10"/>
         <property name="os" value="Windows 10 64bit"/>
         <property name="katalonVersion" value="8.5.5.208"/>
      </properties>
      <testcase name="Test Cases/test" time="0.899" classname="Test Cases/test" status="PASSED">
         <system-out><![CDATA[2023-01-27 11:52:10 - [TEST_CASE][PASSED] - Test Cases/test: Test Cases/test

2023-01-27 11:52:11 - [TEST_STEP][PASSED] - return null: null]]></system-out>
         <system-err><![CDATA[]]></system-err>
      </testcase>
      <testcase name="Test Cases/test" time="0.073" classname="Test Cases/test" status="PASSED">
         <system-out><![CDATA[2023-01-27 11:52:11 - [TEST_CASE][PASSED] - Test Cases/test: Test Cases/test

2023-01-27 11:52:11 - [TEST_STEP][PASSED] - return null: null]]></system-out>
         <system-err><![CDATA[]]></system-err>
      </testcase>
      <system-out><![CDATA[2023-01-27 11:52:09 - [TEST_SUITE][PASSED] - testsuit1: Test Cases/test]]></system-out>
      <system-err><![CDATA[]]></system-err>
   </testsuite>
</testsuites>
